================================================================================
TURKISH NLP CLASSIFICATION - EXPERIMENT PIPELINE
================================================================================
Random seed: 42
Ana sonuçlar klasörü: knn_tfidf_word_1
================================================================================

[1/8] Veri yükleniyor...
Dataset Bilgileri
============================================================
Toplam satır: 838,582
Toplam sütun: 2
Sütunlar: review_text, review_rating

Sınıf Dağılımı (Rating)
============================================================
review_rating
1    109646
2     27559
3     48715
4     91795
5    560867
Name: count, dtype: int64
Toplam: 838,582

Metin Uzunluğu İstatistikleri
============================================================
count    838582.000000
mean        151.363768
std         193.415870
min           1.000000
25%          43.000000
50%          93.000000
75%         186.000000
max        4093.000000
Name: text_length, dtype: float64

[2/8] Senaryolar tanımlanıyor...
Toplam 2 senaryo tanımlandı:
   1. knn_tfidf_word_1_with_outliers
   2. knn_tfidf_word_1_without_outliers

[3/8] Senaryolar çalıştırılıyor...

================================================================================

================================================================================
SENARYO 1/2
================================================================================
# SENARYO: knn_tfidf_word_1_with_outliers

Klasör oluşturuldu: knn_tfidf_word_1/knn_tfidf_word_1_with_outliers_20260109_002415

[1/7] Veri hazırlanıyor...
Minimum sınıf boyutu: 27,559
Her sınıftan 27,559 örnek alınacak...

review_rating 1: 27,559 örnek
review_rating 2: 27,559 örnek
review_rating 3: 27,559 örnek
review_rating 4: 27,559 örnek
review_rating 5: 27,559 örnek

Toplam dengeli veri: 137,795
Min class a downsample yapıldı!
  Outlier'lar korundu: 137,795 örnek
✅ TurkishWordTokenizer hazır! (NLTK)
  Model: knn
  Vectorizer: tfidf
  Tokenizer: word
Downsample? True
outlier? False
CV Accuracy: 0.2755 ± 0.0026

[7/7] Sonuçlar kaydediliyor...
  ✓ scenario_params.json
  ✓ cv_results.json

✅ Senaryo tamamlandı: knn_tfidf_word_1_with_outliers
   Klasör: knn_tfidf_word_1/knn_tfidf_word_1_with_outliers_20260109_002415

================================================================================
SENARYO 2/2
================================================================================
# SENARYO: knn_tfidf_word_1_without_outliers

Klasör oluşturuldu: knn_tfidf_word_1/knn_tfidf_word_1_without_outliers_20260109_002958

[1/7] Veri hazırlanıyor...
Minimum sınıf boyutu: 27,559
Her sınıftan 27,559 örnek alınacak...

review_rating 1: 27,559 örnek
review_rating 2: 27,559 örnek
review_rating 3: 27,559 örnek
review_rating 4: 27,559 örnek
review_rating 5: 27,559 örnek

Toplam dengeli veri: 137,795
Min class a downsample yapıldı!
  Outlier'lar kaldırıldı:
    Orijinal: 137,795
    Temizlenmiş: 131,449
    Kaldırılan: 6,346 (4.61%)
✅ TurkishWordTokenizer hazır! (NLTK)
  Model: knn
  Vectorizer: tfidf
  Tokenizer: word
Downsample? True
outlier? True
CV Accuracy: 0.2737 ± 0.0009

[7/7] Sonuçlar kaydediliyor...
  ✓ scenario_params.json
  ✓ cv_results.json

✅ Senaryo tamamlandı: knn_tfidf_word_1_without_outliers
   Klasör: knn_tfidf_word_1/knn_tfidf_word_1_without_outliers_20260109_002958


################################################################################
# TÜM SENARYOLAR TAMAMLANDI
